URL: http://m.jjwxc.net/book2/217747?more=0&whole=1
微笑的猫, 墙头马上
get chapter 1 : 第一章 墙头 URL: http://m.jjwxc.net/book2/217747/1
get chapter 2 : 第二章 酒店 URL: http://m.jjwxc.net/book2/217747/2
get chapter 3 : 第三章 医院 URL: http://m.jjwxc.net/book2/217747/3
get chapter 4 : 第四章 寄宿 URL: http://m.jjwxc.net/book2/217747/4
get chapter 5 : 第五章 欧阳 URL: http://m.jjwxc.net/book2/217747/5
get chapter 6 : 第六章 赵总 URL: http://m.jjwxc.net/book2/217747/6
get chapter 7 : 第七章 老让 URL: http://m.jjwxc.net/book2/217747/7
get chapter 8 : 第八章 才华 URL: http://m.jjwxc.net/book2/217747/8
get chapter 9 : 第九章 江南 URL: http://m.jjwxc.net/book2/217747/9
get chapter 10 : 第十章 柔道 URL: http://m.jjwxc.net/book2/217747/10
get chapter 11 : 第十一章 炒蛋 URL: http://m.jjwxc.net/book2/217747/11
get chapter 12 : 第十二章 语录 URL: http://m.jjwxc.net/book2/217747/12
get chapter 13 : 第十三章 麻药 URL: http://m.jjwxc.net/book2/217747/13
get chapter 14 : 第十四章 仪式 URL: http://m.jjwxc.net/book2/217747/14
get chapter 15 : 第十五章 救兵 URL: http://m.jjwxc.net/book2/217747/15
get chapter 16 : 第十六章 江北 URL: http://m.jjwxc.net/book2/217747/16
get chapter 17 : 第十七章 扫墓 URL: http://m.jjwxc.net/book2/217747/17
get chapter 18 : 第十八章 求婚 URL: http://m.jjwxc.net/book2/217747/18
get chapter 19 : 第十九章 黑话 URL: http://m.jjwxc.net/book2/217747/19
get chapter 20 : 第二十章 轰轰 URL: http://m.jjwxc.net/book2/217747/20
get chapter 21 : 第二十一章 纽扣 URL: http://m.jjwxc.net/vip/217747/21
get chapter 22 : 第二十二章 肠胃 URL: http://m.jjwxc.net/vip/217747/22
get chapter 23 : 第二十三章 传染 URL: http://m.jjwxc.net/vip/217747/23
get chapter 24 : 第二十四章 副总 URL: http://m.jjwxc.net/vip/217747/24
get chapter 25 : 第二十五章 冤家 URL: http://m.jjwxc.net/vip/217747/25
get chapter 26 : 第二十六章 电影 URL: http://m.jjwxc.net/vip/217747/26
get chapter 27 : 第二十七章 仓库 URL: http://m.jjwxc.net/vip/217747/27
get chapter 28 : 第二十八章 嘴儿 URL: http://m.jjwxc.net/vip/217747/28
get chapter 29 : 第二十九章 猢狲 URL: http://m.jjwxc.net/vip/217747/29
get chapter 30 : 第三十章 执行 URL: http://m.jjwxc.net/vip/217747/30
get chapter 31 : 第三十一章 霰弹 URL: http://m.jjwxc.net/vip/217747/31
get chapter 32 : 第三十二章 回去 URL: http://m.jjwxc.net/vip/217747/32
get chapter 33 : 第三十三章 约谈 URL: http://m.jjwxc.net/vip/217747/33
get chapter 34 : 第三十四章 进展 URL: http://m.jjwxc.net/vip/217747/34
get chapter 35 : 第三十五章 好愁 URL: http://m.jjwxc.net/vip/217747/35
get chapter 36 : 第三十六章 转折 URL: http://m.jjwxc.net/vip/217747/36
get chapter 37 : 第三十七章 赶工 URL: http://m.jjwxc.net/vip/217747/37
get chapter 38 : 第三十八章 温泉 URL: http://m.jjwxc.net/vip/217747/38
get chapter 39 : 第三十九章 快看 URL: http://m.jjwxc.net/vip/217747/39
get chapter 40 : 第四十章 有车 URL: http://m.jjwxc.net/vip/217747/40
get chapter 41 : 番外 细节 URL: http://m.jjwxc.net/vip/217747/41
微笑的猫-墙头马上.txt
